2020-01-07 16:03:45.331  INFO 18884 --- [main] s.c.a.AnnotationConfigApplicationContext : Refreshing org.springframework.context.annotation.AnnotationConfigApplicationContext@f80945f: startup date [Tue Jan 07 16:03:45 CST 2020]; root of context hierarchy
2020-01-07 16:03:45.528  INFO 18884 --- [main] f.a.AutowiredAnnotationBeanPostProcessor : JSR-330 'javax.inject.Inject' annotation found and supported for autowiring
2020-01-07 16:03:45.555  INFO 18884 --- [main] trationDelegate$BeanPostProcessorChecker : Bean 'configurationPropertiesRebinderAutoConfiguration' of type [org.springframework.cloud.autoconfigure.ConfigurationPropertiesRebinderAutoConfiguration$$EnhancerBySpringCGLIB$$514a03b1] is not eligible for getting processed by all BeanPostProcessors (for example: not eligible for auto-proxying)
2020-01-07 16:03:47.130  INFO 18884 --- [main] c.c.c.ConfigServicePropertySourceLocator : Fetching config from server at : http://localhost:8762
2020-01-07 16:03:48.937  INFO 18884 --- [main] c.c.c.ConfigServicePropertySourceLocator : Located environment: name=client, profiles=[dev], label=null, version=null, state=null
2020-01-07 16:03:48.938  INFO 18884 --- [main] b.c.PropertySourceBootstrapConfiguration : Located property source: CompositePropertySource {name='configService', propertySources=[MapPropertySource {name='classpath:/shared/client-dev.yml'}]}
2020-01-07 16:03:48.941  INFO 18884 --- [main] com.latiny.ClientApplication             : The following profiles are active: dev
2020-01-07 16:03:48.955  INFO 18884 --- [main] ConfigServletWebServerApplicationContext : Refreshing org.springframework.boot.web.servlet.context.AnnotationConfigServletWebServerApplicationContext@6b5f8707: startup date [Tue Jan 07 16:03:48 CST 2020]; parent: org.springframework.context.annotation.AnnotationConfigApplicationContext@f80945f
2020-01-07 16:03:50.059  INFO 18884 --- [main] o.s.cloud.context.scope.GenericScope     : BeanFactory id=32cb73df-a62f-3c09-90dc-d97fffb564df
2020-01-07 16:03:50.076  INFO 18884 --- [main] f.a.AutowiredAnnotationBeanPostProcessor : JSR-330 'javax.inject.Inject' annotation found and supported for autowiring
2020-01-07 16:03:50.245  INFO 18884 --- [main] trationDelegate$BeanPostProcessorChecker : Bean 'org.springframework.cloud.autoconfigure.ConfigurationPropertiesRebinderAutoConfiguration' of type [org.springframework.cloud.autoconfigure.ConfigurationPropertiesRebinderAutoConfiguration$$EnhancerBySpringCGLIB$$514a03b1] is not eligible for getting processed by all BeanPostProcessors (for example: not eligible for auto-proxying)
2020-01-07 16:03:52.146  INFO 18884 --- [main] o.s.b.w.embedded.tomcat.TomcatWebServer  : Tomcat initialized with port(s): 8030 (http)
2020-01-07 16:03:52.307  INFO 18884 --- [main] o.apache.catalina.core.StandardService   : Starting service [Tomcat]
2020-01-07 16:03:52.307  INFO 18884 --- [main] org.apache.catalina.core.StandardEngine  : Starting Servlet Engine: Apache Tomcat/8.5.35
2020-01-07 16:03:52.345  INFO 18884 --- [localhost-startStop-1] o.a.catalina.core.AprLifecycleListener   : Loaded APR based Apache Tomcat Native library [1.2.21] using APR version [1.6.5].
2020-01-07 16:03:52.345  INFO 18884 --- [localhost-startStop-1] o.a.catalina.core.AprLifecycleListener   : APR capabilities: IPv6 [true], sendfile [true], accept filters [false], random [true].
2020-01-07 16:03:52.345  INFO 18884 --- [localhost-startStop-1] o.a.catalina.core.AprLifecycleListener   : APR/OpenSSL configuration: useAprConnector [false], useOpenSSL [true]
2020-01-07 16:03:52.388  INFO 18884 --- [localhost-startStop-1] o.a.catalina.core.AprLifecycleListener   : OpenSSL successfully initialized [OpenSSL 1.1.1a  20 Nov 2018]
2020-01-07 16:03:52.871  INFO 18884 --- [localhost-startStop-1] o.a.c.c.C.[Tomcat].[localhost].[/]       : Initializing Spring embedded WebApplicationContext
2020-01-07 16:03:52.872  INFO 18884 --- [localhost-startStop-1] o.s.web.context.ContextLoader            : Root WebApplicationContext: initialization completed in 3917 ms
2020-01-07 16:03:52.970  INFO 18884 --- [localhost-startStop-1] o.s.b.w.servlet.FilterRegistrationBean   : Mapping filter: 'characterEncodingFilter' to: [/*]
2020-01-07 16:03:52.971  INFO 18884 --- [localhost-startStop-1] .s.DelegatingFilterProxyRegistrationBean : Mapping filter: 'springSecurityFilterChain' to: [/*]
2020-01-07 16:03:52.971  INFO 18884 --- [localhost-startStop-1] o.s.b.w.servlet.ServletRegistrationBean  : Servlet dispatcherServlet mapped to [/]
2020-01-07 16:03:53.138  INFO 18884 --- [main] s.c.a.AnnotationConfigApplicationContext : Refreshing FeignContext-account: startup date [Tue Jan 07 16:03:53 CST 2020]; parent: org.springframework.boot.web.servlet.context.AnnotationConfigServletWebServerApplicationContext@6b5f8707
2020-01-07 16:03:53.157  INFO 18884 --- [main] f.a.AutowiredAnnotationBeanPostProcessor : JSR-330 'javax.inject.Inject' annotation found and supported for autowiring
2020-01-07 16:03:53.404  INFO 18884 --- [main] s.c.a.AnnotationConfigApplicationContext : Refreshing FeignContext-menu: startup date [Tue Jan 07 16:03:53 CST 2020]; parent: org.springframework.boot.web.servlet.context.AnnotationConfigServletWebServerApplicationContext@6b5f8707
2020-01-07 16:03:53.421  INFO 18884 --- [main] f.a.AutowiredAnnotationBeanPostProcessor : JSR-330 'javax.inject.Inject' annotation found and supported for autowiring
2020-01-07 16:03:53.486  INFO 18884 --- [main] s.c.a.AnnotationConfigApplicationContext : Refreshing FeignContext-order: startup date [Tue Jan 07 16:03:53 CST 2020]; parent: org.springframework.boot.web.servlet.context.AnnotationConfigServletWebServerApplicationContext@6b5f8707
2020-01-07 16:03:53.497  INFO 18884 --- [main] f.a.AutowiredAnnotationBeanPostProcessor : JSR-330 'javax.inject.Inject' annotation found and supported for autowiring
2020-01-07 16:03:53.555  INFO 18884 --- [main] s.c.a.AnnotationConfigApplicationContext : Refreshing FeignContext-user: startup date [Tue Jan 07 16:03:53 CST 2020]; parent: org.springframework.boot.web.servlet.context.AnnotationConfigServletWebServerApplicationContext@6b5f8707
2020-01-07 16:03:53.568  INFO 18884 --- [main] f.a.AutowiredAnnotationBeanPostProcessor : JSR-330 'javax.inject.Inject' annotation found and supported for autowiring
2020-01-07 16:03:53.702  WARN 18884 --- [main] f.a.AutowiredAnnotationBeanPostProcessor : Autowired annotation is not supported on static fields: private static final org.slf4j.Logger com.latiny.security.MyFilterInvocationSecurityMetadataSource.logger
2020-01-07 16:03:53.776  INFO 18884 --- [main] s.w.s.m.m.a.RequestMappingHandlerMapping : Mapped "{[/account/redirect/{location}],methods=[GET]}" onto public java.lang.String com.latiny.controller.AccountController.redirect(java.lang.String)
2020-01-07 16:03:53.777  INFO 18884 --- [main] s.w.s.m.m.a.RequestMappingHandlerMapping : Mapped "{[/account/login],methods=[GET]}" onto public java.lang.String com.latiny.controller.AccountController.login()
2020-01-07 16:03:53.777  INFO 18884 --- [main] s.w.s.m.m.a.RequestMappingHandlerMapping : Mapped "{[/account/findAll]}" onto public java.util.List<com.latiny.domain.UserDomain> com.latiny.controller.AccountController.findAll()
2020-01-07 16:03:53.778  INFO 18884 --- [main] s.w.s.m.m.a.RequestMappingHandlerMapping : Mapped "{[/403]}" onto public java.lang.String com.latiny.controller.MainController.error403()
2020-01-07 16:03:53.778  INFO 18884 --- [main] s.w.s.m.m.a.RequestMappingHandlerMapping : Mapped "{[/login]}" onto public java.lang.String com.latiny.controller.MainController.login()
2020-01-07 16:03:53.778  INFO 18884 --- [main] s.w.s.m.m.a.RequestMappingHandlerMapping : Mapped "{[/manage]}" onto public java.lang.String com.latiny.controller.MainController.mange(javax.servlet.http.HttpSession)
2020-01-07 16:03:53.778  INFO 18884 --- [main] s.w.s.m.m.a.RequestMappingHandlerMapping : Mapped "{[/logout]}" onto public java.lang.String com.latiny.controller.MainController.logout(javax.servlet.http.HttpSession)
2020-01-07 16:03:53.785  INFO 18884 --- [main] s.w.s.m.m.a.RequestMappingHandlerMapping : Mapped "{[/menu/update],methods=[POST]}" onto public java.lang.String com.latiny.controller.MenuController.update(com.latiny.entity.Menu)
2020-01-07 16:03:53.785  INFO 18884 --- [main] s.w.s.m.m.a.RequestMappingHandlerMapping : Mapped "{[/menu/save],methods=[POST]}" onto public java.lang.String com.latiny.controller.MenuController.save(com.latiny.entity.Menu)
2020-01-07 16:03:53.785  INFO 18884 --- [main] s.w.s.m.m.a.RequestMappingHandlerMapping : Mapped "{[/menu/findAll],methods=[GET]}" onto public com.latiny.vo.ResultVO com.latiny.controller.MenuController.findAll(int,int)
2020-01-07 16:03:53.785  INFO 18884 --- [main] s.w.s.m.m.a.RequestMappingHandlerMapping : Mapped "{[/menu/menu_add],methods=[GET]}" onto public org.springframework.web.servlet.ModelAndView com.latiny.controller.MenuController.findTypes()
2020-01-07 16:03:53.785  INFO 18884 --- [main] s.w.s.m.m.a.RequestMappingHandlerMapping : Mapped "{[/menu/findById/{id}],methods=[GET]}" onto public org.springframework.web.servlet.ModelAndView com.latiny.controller.MenuController.findById(long)
2020-01-07 16:03:53.786  INFO 18884 --- [main] s.w.s.m.m.a.RequestMappingHandlerMapping : Mapped "{[/menu/menu_manage],methods=[GET]}" onto public java.lang.String com.latiny.controller.MenuController.menuManage(javax.servlet.http.HttpSession)
2020-01-07 16:03:53.786  INFO 18884 --- [main] s.w.s.m.m.a.RequestMappingHandlerMapping : Mapped "{[/menu/deleteById/{id}],methods=[GET]}" onto public java.lang.String com.latiny.controller.MenuController.deleteById(long)
2020-01-07 16:03:53.789  INFO 18884 --- [main] s.w.s.m.m.a.RequestMappingHandlerMapping : Mapped "{[/order/index],methods=[GET]}" onto public java.lang.String com.latiny.controller.OrderController.index()
2020-01-07 16:03:53.789  INFO 18884 --- [main] s.w.s.m.m.a.RequestMappingHandlerMapping : Mapped "{[/order/save/{id}]}" onto public java.lang.String com.latiny.controller.OrderController.save(long)
2020-01-07 16:03:53.789  INFO 18884 --- [main] s.w.s.m.m.a.RequestMappingHandlerMapping : Mapped "{[/order/findAll],methods=[GET]}" onto public com.latiny.vo.ResultVO com.latiny.controller.OrderController.findAll(int,int)
2020-01-07 16:03:53.789  INFO 18884 --- [main] s.w.s.m.m.a.RequestMappingHandlerMapping : Mapped "{[/order/findOrderByState],methods=[GET]}" onto public com.latiny.vo.ResultVO com.latiny.controller.OrderController.findOrderByState(int,int)
2020-01-07 16:03:53.790  INFO 18884 --- [main] s.w.s.m.m.a.RequestMappingHandlerMapping : Mapped "{[/order/admin/orderList],methods=[GET]}" onto public java.lang.String com.latiny.controller.OrderController.orderList()
2020-01-07 16:03:53.790  INFO 18884 --- [main] s.w.s.m.m.a.RequestMappingHandlerMapping : Mapped "{[/order/updateByOrderId/{id}],methods=[GET]}" onto public java.lang.String com.latiny.controller.OrderController.updateByOrderId(long)
2020-01-07 16:03:53.790  INFO 18884 --- [main] s.w.s.m.m.a.RequestMappingHandlerMapping : Mapped "{[/order/order_handler],methods=[GET]}" onto public java.lang.String com.latiny.controller.OrderController.orderHandler()
2020-01-07 16:03:53.791  INFO 18884 --- [main] s.w.s.m.m.a.RequestMappingHandlerMapping : Mapped "{[/product/index]}" onto public java.lang.String com.latiny.controller.ProductController.index()
2020-01-07 16:03:53.791  INFO 18884 --- [main] s.w.s.m.m.a.RequestMappingHandlerMapping : Mapped "{[/product/add]}" onto public java.lang.String com.latiny.controller.ProductController.add()
2020-01-07 16:03:53.791  INFO 18884 --- [main] s.w.s.m.m.a.RequestMappingHandlerMapping : Mapped "{[/product/updatea]}" onto public java.lang.String com.latiny.controller.ProductController.updatea()
2020-01-07 16:03:53.794  INFO 18884 --- [main] s.w.s.m.m.a.RequestMappingHandlerMapping : Mapped "{[/user/update],methods=[POST]}" onto public java.lang.String com.latiny.controller.UserController.update(com.latiny.entity.User)
2020-01-07 16:03:53.794  INFO 18884 --- [main] s.w.s.m.m.a.RequestMappingHandlerMapping : Mapped "{[/user/save],methods=[POST]}" onto public java.lang.String com.latiny.controller.UserController.save(com.latiny.entity.User)
2020-01-07 16:03:53.794  INFO 18884 --- [main] s.w.s.m.m.a.RequestMappingHandlerMapping : Mapped "{[/user/findAll],methods=[GET]}" onto public com.latiny.vo.ResultVO com.latiny.controller.UserController.findAll(int,int)
2020-01-07 16:03:53.794  INFO 18884 --- [main] s.w.s.m.m.a.RequestMappingHandlerMapping : Mapped "{[/user/user_add],methods=[GET]}" onto public java.lang.String com.latiny.controller.UserController.userAdd()
2020-01-07 16:03:53.794  INFO 18884 --- [main] s.w.s.m.m.a.RequestMappingHandlerMapping : Mapped "{[/user/user_manage],methods=[GET]}" onto public java.lang.String com.latiny.controller.UserController.userManage()
2020-01-07 16:03:53.794  INFO 18884 --- [main] s.w.s.m.m.a.RequestMappingHandlerMapping : Mapped "{[/user/findById/{id}],methods=[GET]}" onto public org.springframework.web.servlet.ModelAndView com.latiny.controller.UserController.findById(long)
2020-01-07 16:03:53.794  INFO 18884 --- [main] s.w.s.m.m.a.RequestMappingHandlerMapping : Mapped "{[/user/deleteById/{id}],methods=[GET]}" onto public java.lang.String com.latiny.controller.UserController.deleteById(long)
2020-01-07 16:03:53.798  INFO 18884 --- [main] s.w.s.m.m.a.RequestMappingHandlerMapping : Mapped "{[/error]}" onto public org.springframework.http.ResponseEntity<java.util.Map<java.lang.String, java.lang.Object>> org.springframework.boot.autoconfigure.web.servlet.error.BasicErrorController.error(javax.servlet.http.HttpServletRequest)
2020-01-07 16:03:53.798  INFO 18884 --- [main] s.w.s.m.m.a.RequestMappingHandlerMapping : Mapped "{[/error],produces=[text/html]}" onto public org.springframework.web.servlet.ModelAndView org.springframework.boot.autoconfigure.web.servlet.error.BasicErrorController.errorHtml(javax.servlet.http.HttpServletRequest,javax.servlet.http.HttpServletResponse)
2020-01-07 16:03:53.860  INFO 18884 --- [main] o.s.w.s.handler.SimpleUrlHandlerMapping  : Mapped URL path [/**] onto handler of type [class org.springframework.web.servlet.resource.ResourceHttpRequestHandler]
2020-01-07 16:03:53.928  INFO 18884 --- [main] s.w.s.m.m.a.RequestMappingHandlerAdapter : Looking for @ControllerAdvice: org.springframework.boot.web.servlet.context.AnnotationConfigServletWebServerApplicationContext@6b5f8707: startup date [Tue Jan 07 16:03:48 CST 2020]; parent: org.springframework.context.annotation.AnnotationConfigApplicationContext@f80945f
2020-01-07 16:03:54.447  INFO 18884 --- [main] o.s.s.web.DefaultSecurityFilterChain     : Creating filter chain: org.springframework.security.web.util.matcher.AnyRequestMatcher@1, [org.springframework.security.web.context.request.async.WebAsyncManagerIntegrationFilter@14efa279, org.springframework.security.web.context.SecurityContextPersistenceFilter@5b1e88f, org.springframework.security.web.header.HeaderWriterFilter@756b2d90, org.springframework.security.web.authentication.logout.LogoutFilter@2fd39436, org.springframework.security.web.authentication.UsernamePasswordAuthenticationFilter@3c7b137a, org.springframework.security.web.savedrequest.RequestCacheAwareFilter@6a1568d6, org.springframework.security.web.servletapi.SecurityContextHolderAwareRequestFilter@2fd1ad8a, org.springframework.security.web.authentication.AnonymousAuthenticationFilter@8e99809, org.springframework.security.web.session.SessionManagementFilter@6cc64028, org.springframework.security.web.access.ExceptionTranslationFilter@1c98b4eb, org.springframework.security.web.access.intercept.FilterSecurityInterceptor@353e6389]
2020-01-07 16:03:54.569  WARN 18884 --- [main] c.n.c.sources.URLConfigurationSource     : No URLs will be polled as dynamic configuration sources.
2020-01-07 16:03:54.569  INFO 18884 --- [main] c.n.c.sources.URLConfigurationSource     : To enable URLs as dynamic configuration sources, define System property archaius.configurationSource.additionalUrls or make config.properties available on classpath.
2020-01-07 16:03:54.576  WARN 18884 --- [main] c.n.c.sources.URLConfigurationSource     : No URLs will be polled as dynamic configuration sources.
2020-01-07 16:03:54.576  INFO 18884 --- [main] c.n.c.sources.URLConfigurationSource     : To enable URLs as dynamic configuration sources, define System property archaius.configurationSource.additionalUrls or make config.properties available on classpath.
2020-01-07 16:03:57.022  INFO 18884 --- [main] o.s.cloud.commons.util.InetUtils         : Cannot determine local hostname
2020-01-07 16:03:58.487  INFO 18884 --- [main] o.s.cloud.commons.util.InetUtils         : Cannot determine local hostname
2020-01-07 16:03:58.652  INFO 18884 --- [main] o.s.j.e.a.AnnotationMBeanExporter        : Registering beans for JMX exposure on startup
2020-01-07 16:03:58.661  INFO 18884 --- [main] o.s.j.e.a.AnnotationMBeanExporter        : Bean with name 'refreshScope' has been autodetected for JMX exposure
2020-01-07 16:03:58.662  INFO 18884 --- [main] o.s.j.e.a.AnnotationMBeanExporter        : Bean with name 'configurationPropertiesRebinder' has been autodetected for JMX exposure
2020-01-07 16:03:58.663  INFO 18884 --- [main] o.s.j.e.a.AnnotationMBeanExporter        : Bean with name 'environmentManager' has been autodetected for JMX exposure
2020-01-07 16:03:58.666  INFO 18884 --- [main] o.s.j.e.a.AnnotationMBeanExporter        : Located managed bean 'environmentManager': registering with JMX server as MBean [org.springframework.cloud.context.environment:name=environmentManager,type=EnvironmentManager]
2020-01-07 16:03:58.683  INFO 18884 --- [main] o.s.j.e.a.AnnotationMBeanExporter        : Located managed bean 'refreshScope': registering with JMX server as MBean [org.springframework.cloud.context.scope.refresh:name=refreshScope,type=RefreshScope]
2020-01-07 16:03:58.696  INFO 18884 --- [main] o.s.j.e.a.AnnotationMBeanExporter        : Located managed bean 'configurationPropertiesRebinder': registering with JMX server as MBean [org.springframework.cloud.context.properties:name=configurationPropertiesRebinder,context=6b5f8707,type=ConfigurationPropertiesRebinder]
2020-01-07 16:03:58.709  INFO 18884 --- [main] o.s.c.support.DefaultLifecycleProcessor  : Starting beans in phase 0
2020-01-07 16:03:58.730  INFO 18884 --- [main] o.s.c.n.eureka.InstanceInfoFactory       : Setting initial instance status as: STARTING
2020-01-07 16:03:58.786  INFO 18884 --- [main] com.netflix.discovery.DiscoveryClient    : Initializing Eureka in region us-east-1
2020-01-07 16:03:59.285  INFO 18884 --- [main] c.n.d.provider.DiscoveryJerseyProvider   : Using JSON encoding codec LegacyJacksonJson
2020-01-07 16:03:59.285  INFO 18884 --- [main] c.n.d.provider.DiscoveryJerseyProvider   : Using JSON decoding codec LegacyJacksonJson
2020-01-07 16:03:59.699  INFO 18884 --- [main] c.n.d.provider.DiscoveryJerseyProvider   : Using XML encoding codec XStreamXml
2020-01-07 16:03:59.699  INFO 18884 --- [main] c.n.d.provider.DiscoveryJerseyProvider   : Using XML decoding codec XStreamXml
2020-01-07 16:04:00.054  INFO 18884 --- [main] c.n.d.s.r.aws.ConfigClusterResolver      : Resolving eureka endpoints via configuration
2020-01-07 16:04:00.415  INFO 18884 --- [main] com.netflix.discovery.DiscoveryClient    : Disable delta property : false
2020-01-07 16:04:00.415  INFO 18884 --- [main] com.netflix.discovery.DiscoveryClient    : Single vip registry refresh property : null
2020-01-07 16:04:00.415  INFO 18884 --- [main] com.netflix.discovery.DiscoveryClient    : Force full registry fetch : false
2020-01-07 16:04:00.415  INFO 18884 --- [main] com.netflix.discovery.DiscoveryClient    : Application is null : false
2020-01-07 16:04:00.415  INFO 18884 --- [main] com.netflix.discovery.DiscoveryClient    : Registered Applications size is zero : true
2020-01-07 16:04:00.415  INFO 18884 --- [main] com.netflix.discovery.DiscoveryClient    : Application version is -1: true
2020-01-07 16:04:00.415  INFO 18884 --- [main] com.netflix.discovery.DiscoveryClient    : Getting all instance registry info from the eureka server
2020-01-07 16:04:00.556  INFO 18884 --- [main] com.netflix.discovery.DiscoveryClient    : The response status is 200
2020-01-07 16:04:00.558  INFO 18884 --- [main] com.netflix.discovery.DiscoveryClient    : Starting heartbeat executor: renew interval is: 30
2020-01-07 16:04:00.561  INFO 18884 --- [main] c.n.discovery.InstanceInfoReplicator     : InstanceInfoReplicator onDemand update allowed rate per min is 4
2020-01-07 16:04:00.565  INFO 18884 --- [main] com.netflix.discovery.DiscoveryClient    : Discovery Client initialized at timestamp 1578384240563 with initial instances count: 3
2020-01-07 16:04:00.568  INFO 18884 --- [main] o.s.c.n.e.s.EurekaServiceRegistry        : Registering application CLIENT with eureka with status UP
2020-01-07 16:04:00.568  INFO 18884 --- [main] com.netflix.discovery.DiscoveryClient    : Saw local status change event StatusChangeEvent [timestamp=1578384240568, current=UP, previous=STARTING]
2020-01-07 16:04:00.570  INFO 18884 --- [DiscoveryClient-InstanceInfoReplicator-0] com.netflix.discovery.DiscoveryClient    : DiscoveryClient_CLIENT/localhost:client:8030: registering service...
2020-01-07 16:04:00.609  INFO 18884 --- [DiscoveryClient-InstanceInfoReplicator-0] com.netflix.discovery.DiscoveryClient    : DiscoveryClient_CLIENT/localhost:client:8030 - registration status: 204
2020-01-07 16:04:00.617  INFO 18884 --- [main] o.s.b.w.embedded.tomcat.TomcatWebServer  : Tomcat started on port(s): 8030 (http) with context path ''
2020-01-07 16:04:00.618  INFO 18884 --- [main] .s.c.n.e.s.EurekaAutoServiceRegistration : Updating port to 8030
2020-01-07 16:04:00.620  INFO 18884 --- [main] com.latiny.ClientApplication             : Started ClientApplication in 17.354 seconds (JVM running for 20.28)
2020-01-07 16:04:54.868  INFO 11372 --- [main] s.c.a.AnnotationConfigApplicationContext : Refreshing org.springframework.context.annotation.AnnotationConfigApplicationContext@60641ec8: startup date [Tue Jan 07 16:04:54 CST 2020]; root of context hierarchy
2020-01-07 16:04:55.058  INFO 11372 --- [main] f.a.AutowiredAnnotationBeanPostProcessor : JSR-330 'javax.inject.Inject' annotation found and supported for autowiring
2020-01-07 16:04:55.085  INFO 11372 --- [main] trationDelegate$BeanPostProcessorChecker : Bean 'configurationPropertiesRebinderAutoConfiguration' of type [org.springframework.cloud.autoconfigure.ConfigurationPropertiesRebinderAutoConfiguration$$EnhancerBySpringCGLIB$$b9ddc54a] is not eligible for getting processed by all BeanPostProcessors (for example: not eligible for auto-proxying)
2020-01-07 16:04:56.700  INFO 11372 --- [main] c.c.c.ConfigServicePropertySourceLocator : Fetching config from server at : http://localhost:8762
2020-01-07 16:04:58.220  INFO 11372 --- [main] c.c.c.ConfigServicePropertySourceLocator : Located environment: name=client, profiles=[dev], label=null, version=null, state=null
2020-01-07 16:04:58.220  INFO 11372 --- [main] b.c.PropertySourceBootstrapConfiguration : Located property source: CompositePropertySource {name='configService', propertySources=[MapPropertySource {name='classpath:/shared/client-dev.yml'}]}
2020-01-07 16:04:58.224  INFO 11372 --- [main] com.latiny.ClientApplication             : The following profiles are active: dev
2020-01-07 16:04:58.237  INFO 11372 --- [main] ConfigServletWebServerApplicationContext : Refreshing org.springframework.boot.web.servlet.context.AnnotationConfigServletWebServerApplicationContext@33a630fa: startup date [Tue Jan 07 16:04:58 CST 2020]; parent: org.springframework.context.annotation.AnnotationConfigApplicationContext@60641ec8
2020-01-07 16:04:59.053  INFO 11372 --- [main] o.s.cloud.context.scope.GenericScope     : BeanFactory id=32cb73df-a62f-3c09-90dc-d97fffb564df
2020-01-07 16:04:59.078  INFO 11372 --- [main] f.a.AutowiredAnnotationBeanPostProcessor : JSR-330 'javax.inject.Inject' annotation found and supported for autowiring
2020-01-07 16:04:59.185  INFO 11372 --- [main] trationDelegate$BeanPostProcessorChecker : Bean 'org.springframework.cloud.autoconfigure.ConfigurationPropertiesRebinderAutoConfiguration' of type [org.springframework.cloud.autoconfigure.ConfigurationPropertiesRebinderAutoConfiguration$$EnhancerBySpringCGLIB$$b9ddc54a] is not eligible for getting processed by all BeanPostProcessors (for example: not eligible for auto-proxying)
2020-01-07 16:05:00.018  INFO 11372 --- [main] o.s.b.w.embedded.tomcat.TomcatWebServer  : Tomcat initialized with port(s): 8030 (http)
2020-01-07 16:05:00.049  INFO 11372 --- [main] o.apache.catalina.core.StandardService   : Starting service [Tomcat]
2020-01-07 16:05:00.049  INFO 11372 --- [main] org.apache.catalina.core.StandardEngine  : Starting Servlet Engine: Apache Tomcat/8.5.35
2020-01-07 16:05:00.063  INFO 11372 --- [localhost-startStop-1] o.a.catalina.core.AprLifecycleListener   : Loaded APR based Apache Tomcat Native library [1.2.21] using APR version [1.6.5].
2020-01-07 16:05:00.064  INFO 11372 --- [localhost-startStop-1] o.a.catalina.core.AprLifecycleListener   : APR capabilities: IPv6 [true], sendfile [true], accept filters [false], random [true].
2020-01-07 16:05:00.064  INFO 11372 --- [localhost-startStop-1] o.a.catalina.core.AprLifecycleListener   : APR/OpenSSL configuration: useAprConnector [false], useOpenSSL [true]
2020-01-07 16:05:00.068  INFO 11372 --- [localhost-startStop-1] o.a.catalina.core.AprLifecycleListener   : OpenSSL successfully initialized [OpenSSL 1.1.1a  20 Nov 2018]
2020-01-07 16:05:00.231  INFO 11372 --- [localhost-startStop-1] o.a.c.c.C.[Tomcat].[localhost].[/]       : Initializing Spring embedded WebApplicationContext
2020-01-07 16:05:00.231  INFO 11372 --- [localhost-startStop-1] o.s.web.context.ContextLoader            : Root WebApplicationContext: initialization completed in 1994 ms
2020-01-07 16:05:00.294  INFO 11372 --- [localhost-startStop-1] o.s.b.w.servlet.FilterRegistrationBean   : Mapping filter: 'characterEncodingFilter' to: [/*]
2020-01-07 16:05:00.294  INFO 11372 --- [localhost-startStop-1] .s.DelegatingFilterProxyRegistrationBean : Mapping filter: 'springSecurityFilterChain' to: [/*]
2020-01-07 16:05:00.294  INFO 11372 --- [localhost-startStop-1] o.s.b.w.servlet.ServletRegistrationBean  : Servlet dispatcherServlet mapped to [/]
2020-01-07 16:05:00.357  INFO 11372 --- [main] s.c.a.AnnotationConfigApplicationContext : Refreshing FeignContext-account: startup date [Tue Jan 07 16:05:00 CST 2020]; parent: org.springframework.boot.web.servlet.context.AnnotationConfigServletWebServerApplicationContext@33a630fa
2020-01-07 16:05:00.378  INFO 11372 --- [main] f.a.AutowiredAnnotationBeanPostProcessor : JSR-330 'javax.inject.Inject' annotation found and supported for autowiring
2020-01-07 16:05:00.562  INFO 11372 --- [main] s.c.a.AnnotationConfigApplicationContext : Refreshing FeignContext-menu: startup date [Tue Jan 07 16:05:00 CST 2020]; parent: org.springframework.boot.web.servlet.context.AnnotationConfigServletWebServerApplicationContext@33a630fa
2020-01-07 16:05:00.576  INFO 11372 --- [main] f.a.AutowiredAnnotationBeanPostProcessor : JSR-330 'javax.inject.Inject' annotation found and supported for autowiring
2020-01-07 16:05:00.642  INFO 11372 --- [main] s.c.a.AnnotationConfigApplicationContext : Refreshing FeignContext-order: startup date [Tue Jan 07 16:05:00 CST 2020]; parent: org.springframework.boot.web.servlet.context.AnnotationConfigServletWebServerApplicationContext@33a630fa
2020-01-07 16:05:00.655  INFO 11372 --- [main] f.a.AutowiredAnnotationBeanPostProcessor : JSR-330 'javax.inject.Inject' annotation found and supported for autowiring
2020-01-07 16:05:00.721  INFO 11372 --- [main] s.c.a.AnnotationConfigApplicationContext : Refreshing FeignContext-user: startup date [Tue Jan 07 16:05:00 CST 2020]; parent: org.springframework.boot.web.servlet.context.AnnotationConfigServletWebServerApplicationContext@33a630fa
2020-01-07 16:05:00.734  INFO 11372 --- [main] f.a.AutowiredAnnotationBeanPostProcessor : JSR-330 'javax.inject.Inject' annotation found and supported for autowiring
2020-01-07 16:05:00.855  WARN 11372 --- [main] f.a.AutowiredAnnotationBeanPostProcessor : Autowired annotation is not supported on static fields: private static final org.slf4j.Logger com.latiny.security.MyFilterInvocationSecurityMetadataSource.logger
2020-01-07 16:05:00.917  INFO 11372 --- [main] s.w.s.m.m.a.RequestMappingHandlerMapping : Mapped "{[/account/redirect/{location}],methods=[GET]}" onto public java.lang.String com.latiny.controller.AccountController.redirect(java.lang.String)
2020-01-07 16:05:00.918  INFO 11372 --- [main] s.w.s.m.m.a.RequestMappingHandlerMapping : Mapped "{[/account/findAll]}" onto public java.util.List<com.latiny.domain.UserDomain> com.latiny.controller.AccountController.findAll()
2020-01-07 16:05:00.919  INFO 11372 --- [main] s.w.s.m.m.a.RequestMappingHandlerMapping : Mapped "{[/account/login],methods=[GET]}" onto public java.lang.String com.latiny.controller.AccountController.login()
2020-01-07 16:05:00.919  INFO 11372 --- [main] s.w.s.m.m.a.RequestMappingHandlerMapping : Mapped "{[/manage]}" onto public java.lang.String com.latiny.controller.MainController.mange(javax.servlet.http.HttpSession)
2020-01-07 16:05:00.919  INFO 11372 --- [main] s.w.s.m.m.a.RequestMappingHandlerMapping : Mapped "{[/logout]}" onto public java.lang.String com.latiny.controller.MainController.logout(javax.servlet.http.HttpSession)
2020-01-07 16:05:00.919  INFO 11372 --- [main] s.w.s.m.m.a.RequestMappingHandlerMapping : Mapped "{[/login]}" onto public java.lang.String com.latiny.controller.MainController.login()
2020-01-07 16:05:00.919  INFO 11372 --- [main] s.w.s.m.m.a.RequestMappingHandlerMapping : Mapped "{[/403]}" onto public java.lang.String com.latiny.controller.MainController.error403()
2020-01-07 16:05:00.925  INFO 11372 --- [main] s.w.s.m.m.a.RequestMappingHandlerMapping : Mapped "{[/menu/update],methods=[POST]}" onto public java.lang.String com.latiny.controller.MenuController.update(com.latiny.entity.Menu)
2020-01-07 16:05:00.925  INFO 11372 --- [main] s.w.s.m.m.a.RequestMappingHandlerMapping : Mapped "{[/menu/save],methods=[POST]}" onto public java.lang.String com.latiny.controller.MenuController.save(com.latiny.entity.Menu)
2020-01-07 16:05:00.925  INFO 11372 --- [main] s.w.s.m.m.a.RequestMappingHandlerMapping : Mapped "{[/menu/findAll],methods=[GET]}" onto public com.latiny.vo.ResultVO com.latiny.controller.MenuController.findAll(int,int)
2020-01-07 16:05:00.925  INFO 11372 --- [main] s.w.s.m.m.a.RequestMappingHandlerMapping : Mapped "{[/menu/findById/{id}],methods=[GET]}" onto public org.springframework.web.servlet.ModelAndView com.latiny.controller.MenuController.findById(long)
2020-01-07 16:05:00.925  INFO 11372 --- [main] s.w.s.m.m.a.RequestMappingHandlerMapping : Mapped "{[/menu/menu_manage],methods=[GET]}" onto public java.lang.String com.latiny.controller.MenuController.menuManage(javax.servlet.http.HttpSession)
2020-01-07 16:05:00.925  INFO 11372 --- [main] s.w.s.m.m.a.RequestMappingHandlerMapping : Mapped "{[/menu/deleteById/{id}],methods=[GET]}" onto public java.lang.String com.latiny.controller.MenuController.deleteById(long)
2020-01-07 16:05:00.925  INFO 11372 --- [main] s.w.s.m.m.a.RequestMappingHandlerMapping : Mapped "{[/menu/menu_add],methods=[GET]}" onto public org.springframework.web.servlet.ModelAndView com.latiny.controller.MenuController.findTypes()
2020-01-07 16:05:00.927  INFO 11372 --- [main] s.w.s.m.m.a.RequestMappingHandlerMapping : Mapped "{[/order/index],methods=[GET]}" onto public java.lang.String com.latiny.controller.OrderController.index()
2020-01-07 16:05:00.927  INFO 11372 --- [main] s.w.s.m.m.a.RequestMappingHandlerMapping : Mapped "{[/order/save/{id}]}" onto public java.lang.String com.latiny.controller.OrderController.save(long)
2020-01-07 16:05:00.927  INFO 11372 --- [main] s.w.s.m.m.a.RequestMappingHandlerMapping : Mapped "{[/order/findAll],methods=[GET]}" onto public com.latiny.vo.ResultVO com.latiny.controller.OrderController.findAll(int,int)
2020-01-07 16:05:00.928  INFO 11372 --- [main] s.w.s.m.m.a.RequestMappingHandlerMapping : Mapped "{[/order/order_handler],methods=[GET]}" onto public java.lang.String com.latiny.controller.OrderController.orderHandler()
2020-01-07 16:05:00.928  INFO 11372 --- [main] s.w.s.m.m.a.RequestMappingHandlerMapping : Mapped "{[/order/updateByOrderId/{id}],methods=[GET]}" onto public java.lang.String com.latiny.controller.OrderController.updateByOrderId(long)
2020-01-07 16:05:00.928  INFO 11372 --- [main] s.w.s.m.m.a.RequestMappingHandlerMapping : Mapped "{[/order/admin/orderList],methods=[GET]}" onto public java.lang.String com.latiny.controller.OrderController.orderList()
2020-01-07 16:05:00.928  INFO 11372 --- [main] s.w.s.m.m.a.RequestMappingHandlerMapping : Mapped "{[/order/findOrderByState],methods=[GET]}" onto public com.latiny.vo.ResultVO com.latiny.controller.OrderController.findOrderByState(int,int)
2020-01-07 16:05:00.928  INFO 11372 --- [main] s.w.s.m.m.a.RequestMappingHandlerMapping : Mapped "{[/product/index]}" onto public java.lang.String com.latiny.controller.ProductController.index()
2020-01-07 16:05:00.928  INFO 11372 --- [main] s.w.s.m.m.a.RequestMappingHandlerMapping : Mapped "{[/product/add]}" onto public java.lang.String com.latiny.controller.ProductController.add()
2020-01-07 16:05:00.928  INFO 11372 --- [main] s.w.s.m.m.a.RequestMappingHandlerMapping : Mapped "{[/product/updatea]}" onto public java.lang.String com.latiny.controller.ProductController.updatea()
2020-01-07 16:05:00.930  INFO 11372 --- [main] s.w.s.m.m.a.RequestMappingHandlerMapping : Mapped "{[/user/update],methods=[POST]}" onto public java.lang.String com.latiny.controller.UserController.update(com.latiny.entity.User)
2020-01-07 16:05:00.930  INFO 11372 --- [main] s.w.s.m.m.a.RequestMappingHandlerMapping : Mapped "{[/user/save],methods=[POST]}" onto public java.lang.String com.latiny.controller.UserController.save(com.latiny.entity.User)
2020-01-07 16:05:00.930  INFO 11372 --- [main] s.w.s.m.m.a.RequestMappingHandlerMapping : Mapped "{[/user/findAll],methods=[GET]}" onto public com.latiny.vo.ResultVO com.latiny.controller.UserController.findAll(int,int)
2020-01-07 16:05:00.930  INFO 11372 --- [main] s.w.s.m.m.a.RequestMappingHandlerMapping : Mapped "{[/user/findById/{id}],methods=[GET]}" onto public org.springframework.web.servlet.ModelAndView com.latiny.controller.UserController.findById(long)
2020-01-07 16:05:00.930  INFO 11372 --- [main] s.w.s.m.m.a.RequestMappingHandlerMapping : Mapped "{[/user/user_manage],methods=[GET]}" onto public java.lang.String com.latiny.controller.UserController.userManage()
2020-01-07 16:05:00.930  INFO 11372 --- [main] s.w.s.m.m.a.RequestMappingHandlerMapping : Mapped "{[/user/deleteById/{id}],methods=[GET]}" onto public java.lang.String com.latiny.controller.UserController.deleteById(long)
2020-01-07 16:05:00.930  INFO 11372 --- [main] s.w.s.m.m.a.RequestMappingHandlerMapping : Mapped "{[/user/user_add],methods=[GET]}" onto public java.lang.String com.latiny.controller.UserController.userAdd()
2020-01-07 16:05:00.932  INFO 11372 --- [main] s.w.s.m.m.a.RequestMappingHandlerMapping : Mapped "{[/error]}" onto public org.springframework.http.ResponseEntity<java.util.Map<java.lang.String, java.lang.Object>> org.springframework.boot.autoconfigure.web.servlet.error.BasicErrorController.error(javax.servlet.http.HttpServletRequest)
2020-01-07 16:05:00.933  INFO 11372 --- [main] s.w.s.m.m.a.RequestMappingHandlerMapping : Mapped "{[/error],produces=[text/html]}" onto public org.springframework.web.servlet.ModelAndView org.springframework.boot.autoconfigure.web.servlet.error.BasicErrorController.errorHtml(javax.servlet.http.HttpServletRequest,javax.servlet.http.HttpServletResponse)
2020-01-07 16:05:00.972  INFO 11372 --- [main] o.s.w.s.handler.SimpleUrlHandlerMapping  : Mapped URL path [/**] onto handler of type [class org.springframework.web.servlet.resource.ResourceHttpRequestHandler]
2020-01-07 16:05:01.038  INFO 11372 --- [main] s.w.s.m.m.a.RequestMappingHandlerAdapter : Looking for @ControllerAdvice: org.springframework.boot.web.servlet.context.AnnotationConfigServletWebServerApplicationContext@33a630fa: startup date [Tue Jan 07 16:04:58 CST 2020]; parent: org.springframework.context.annotation.AnnotationConfigApplicationContext@60641ec8
2020-01-07 16:05:01.440  INFO 11372 --- [main] o.s.s.web.DefaultSecurityFilterChain     : Creating filter chain: org.springframework.security.web.util.matcher.AnyRequestMatcher@1, [org.springframework.security.web.context.request.async.WebAsyncManagerIntegrationFilter@6650a6c, org.springframework.security.web.context.SecurityContextPersistenceFilter@5bfc79cb, org.springframework.security.web.header.HeaderWriterFilter@747f6c5a, org.springframework.security.web.authentication.logout.LogoutFilter@143fefaf, org.springframework.security.web.authentication.UsernamePasswordAuthenticationFilter@55296b50, org.springframework.security.web.savedrequest.RequestCacheAwareFilter@3bbf1c0d, org.springframework.security.web.servletapi.SecurityContextHolderAwareRequestFilter@6b867ee7, org.springframework.security.web.authentication.AnonymousAuthenticationFilter@64279ab, org.springframework.security.web.session.SessionManagementFilter@5b48f0f4, org.springframework.security.web.access.ExceptionTranslationFilter@72c9ebfa, org.springframework.security.web.access.intercept.FilterSecurityInterceptor@a91119b]
2020-01-07 16:05:01.501  WARN 11372 --- [main] c.n.c.sources.URLConfigurationSource     : No URLs will be polled as dynamic configuration sources.
2020-01-07 16:05:01.501  INFO 11372 --- [main] c.n.c.sources.URLConfigurationSource     : To enable URLs as dynamic configuration sources, define System property archaius.configurationSource.additionalUrls or make config.properties available on classpath.
2020-01-07 16:05:01.510  WARN 11372 --- [main] c.n.c.sources.URLConfigurationSource     : No URLs will be polled as dynamic configuration sources.
2020-01-07 16:05:01.510  INFO 11372 --- [main] c.n.c.sources.URLConfigurationSource     : To enable URLs as dynamic configuration sources, define System property archaius.configurationSource.additionalUrls or make config.properties available on classpath.
2020-01-07 16:05:03.639  INFO 11372 --- [main] o.s.cloud.commons.util.InetUtils         : Cannot determine local hostname
2020-01-07 16:05:05.135  INFO 11372 --- [main] o.s.cloud.commons.util.InetUtils         : Cannot determine local hostname
2020-01-07 16:05:05.284  INFO 11372 --- [main] o.s.j.e.a.AnnotationMBeanExporter        : Registering beans for JMX exposure on startup
2020-01-07 16:05:05.294  INFO 11372 --- [main] o.s.j.e.a.AnnotationMBeanExporter        : Bean with name 'refreshScope' has been autodetected for JMX exposure
2020-01-07 16:05:05.295  INFO 11372 --- [main] o.s.j.e.a.AnnotationMBeanExporter        : Bean with name 'configurationPropertiesRebinder' has been autodetected for JMX exposure
2020-01-07 16:05:05.295  INFO 11372 --- [main] o.s.j.e.a.AnnotationMBeanExporter        : Bean with name 'environmentManager' has been autodetected for JMX exposure
2020-01-07 16:05:05.300  INFO 11372 --- [main] o.s.j.e.a.AnnotationMBeanExporter        : Located managed bean 'environmentManager': registering with JMX server as MBean [org.springframework.cloud.context.environment:name=environmentManager,type=EnvironmentManager]
2020-01-07 16:05:05.312  INFO 11372 --- [main] o.s.j.e.a.AnnotationMBeanExporter        : Located managed bean 'refreshScope': registering with JMX server as MBean [org.springframework.cloud.context.scope.refresh:name=refreshScope,type=RefreshScope]
2020-01-07 16:05:05.324  INFO 11372 --- [main] o.s.j.e.a.AnnotationMBeanExporter        : Located managed bean 'configurationPropertiesRebinder': registering with JMX server as MBean [org.springframework.cloud.context.properties:name=configurationPropertiesRebinder,context=33a630fa,type=ConfigurationPropertiesRebinder]
2020-01-07 16:05:05.341  INFO 11372 --- [main] o.s.c.support.DefaultLifecycleProcessor  : Starting beans in phase 0
2020-01-07 16:05:05.364  INFO 11372 --- [main] o.s.c.n.eureka.InstanceInfoFactory       : Setting initial instance status as: STARTING
2020-01-07 16:05:05.461  INFO 11372 --- [main] com.netflix.discovery.DiscoveryClient    : Initializing Eureka in region us-east-1
2020-01-07 16:05:05.752  INFO 11372 --- [main] c.n.d.provider.DiscoveryJerseyProvider   : Using JSON encoding codec LegacyJacksonJson
2020-01-07 16:05:05.752  INFO 11372 --- [main] c.n.d.provider.DiscoveryJerseyProvider   : Using JSON decoding codec LegacyJacksonJson
2020-01-07 16:05:05.902  INFO 11372 --- [main] c.n.d.provider.DiscoveryJerseyProvider   : Using XML encoding codec XStreamXml
2020-01-07 16:05:05.902  INFO 11372 --- [main] c.n.d.provider.DiscoveryJerseyProvider   : Using XML decoding codec XStreamXml
2020-01-07 16:05:06.343  INFO 11372 --- [main] c.n.d.s.r.aws.ConfigClusterResolver      : Resolving eureka endpoints via configuration
2020-01-07 16:05:06.664  INFO 11372 --- [main] com.netflix.discovery.DiscoveryClient    : Disable delta property : false
2020-01-07 16:05:06.664  INFO 11372 --- [main] com.netflix.discovery.DiscoveryClient    : Single vip registry refresh property : null
2020-01-07 16:05:06.664  INFO 11372 --- [main] com.netflix.discovery.DiscoveryClient    : Force full registry fetch : false
2020-01-07 16:05:06.664  INFO 11372 --- [main] com.netflix.discovery.DiscoveryClient    : Application is null : false
2020-01-07 16:05:06.664  INFO 11372 --- [main] com.netflix.discovery.DiscoveryClient    : Registered Applications size is zero : true
2020-01-07 16:05:06.664  INFO 11372 --- [main] com.netflix.discovery.DiscoveryClient    : Application version is -1: true
2020-01-07 16:05:06.664  INFO 11372 --- [main] com.netflix.discovery.DiscoveryClient    : Getting all instance registry info from the eureka server
2020-01-07 16:05:06.828  INFO 11372 --- [main] com.netflix.discovery.DiscoveryClient    : The response status is 200
2020-01-07 16:05:06.831  INFO 11372 --- [main] com.netflix.discovery.DiscoveryClient    : Starting heartbeat executor: renew interval is: 30
2020-01-07 16:05:06.861  INFO 11372 --- [main] c.n.discovery.InstanceInfoReplicator     : InstanceInfoReplicator onDemand update allowed rate per min is 4
2020-01-07 16:05:06.865  INFO 11372 --- [main] com.netflix.discovery.DiscoveryClient    : Discovery Client initialized at timestamp 1578384306864 with initial instances count: 4
2020-01-07 16:05:06.870  INFO 11372 --- [main] o.s.c.n.e.s.EurekaServiceRegistry        : Registering application CLIENT with eureka with status UP
2020-01-07 16:05:06.870  INFO 11372 --- [main] com.netflix.discovery.DiscoveryClient    : Saw local status change event StatusChangeEvent [timestamp=1578384306870, current=UP, previous=STARTING]
2020-01-07 16:05:06.871  INFO 11372 --- [DiscoveryClient-InstanceInfoReplicator-0] com.netflix.discovery.DiscoveryClient    : DiscoveryClient_CLIENT/localhost:client:8030: registering service...
2020-01-07 16:05:06.905  INFO 11372 --- [DiscoveryClient-InstanceInfoReplicator-0] com.netflix.discovery.DiscoveryClient    : DiscoveryClient_CLIENT/localhost:client:8030 - registration status: 204
2020-01-07 16:05:06.912  INFO 11372 --- [main] o.s.b.w.embedded.tomcat.TomcatWebServer  : Tomcat started on port(s): 8030 (http) with context path ''
2020-01-07 16:05:06.913  INFO 11372 --- [main] .s.c.n.e.s.EurekaAutoServiceRegistration : Updating port to 8030
2020-01-07 16:05:06.915  INFO 11372 --- [main] com.latiny.ClientApplication             : Started ClientApplication in 14.189 seconds (JVM running for 14.976)
